Determining if the pthread_create exist failed with the following output:
Change Dir: /home/joe/workspace/P1BuildMyWorld/build/CMakeFiles/CMakeTmp

Run Build Command:"/usr/bin/make" "cmTC_cbf8f/fast"
/usr/bin/make -f CMakeFiles/cmTC_cbf8f.dir/build.make CMakeFiles/cmTC_cbf8f.dir/build
make[1]: Entering directory '/home/joe/workspace/P1BuildMyWorld/build/CMakeFiles/CMakeTmp'
Building C object CMakeFiles/cmTC_cbf8f.dir/CheckSymbolExists.c.o
/usr/bin/cc    -o CMakeFiles/cmTC_cbf8f.dir/CheckSymbolExists.c.o   -c /home/joe/workspace/P1BuildMyWorld/build/CMakeFiles/CMakeTmp/CheckSymbolExists.c
Linking C executable cmTC_cbf8f
/usr/bin/cmake -E cmake_link_script CMakeFiles/cmTC_cbf8f.dir/link.txt --verbose=1
/usr/bin/cc      -rdynamic CMakeFiles/cmTC_cbf8f.dir/CheckSymbolExists.c.o  -o cmTC_cbf8f 
CMakeFiles/cmTC_cbf8f.dir/CheckSymbolExists.c.o: In function `main':
CheckSymbolExists.c:(.text+0x1b): undefined reference to `pthread_create'
collect2: error: ld returned 1 exit status
CMakeFiles/cmTC_cbf8f.dir/build.make:97: recipe for target 'cmTC_cbf8f' failed
make[1]: *** [cmTC_cbf8f] Error 1
make[1]: Leaving directory '/home/joe/workspace/P1BuildMyWorld/build/CMakeFiles/CMakeTmp'
Makefile:126: recipe for target 'cmTC_cbf8f/fast' failed
make: *** [cmTC_cbf8f/fast] Error 2

File /home/joe/workspace/P1BuildMyWorld/build/CMakeFiles/CMakeTmp/CheckSymbolExists.c:
/* */
#include <pthread.h>

int main(int argc, char** argv)
{
  (void)argv;
#ifndef pthread_create
  return ((int*)(&pthread_create))[argc];
#else
  (void)argc;
  return 0;
#endif
}

Determining if the function pthread_create exists in the pthreads failed with the following output:
Change Dir: /home/joe/workspace/P1BuildMyWorld/build/CMakeFiles/CMakeTmp

Run Build Command:"/usr/bin/make" "cmTC_cd976/fast"
/usr/bin/make -f CMakeFiles/cmTC_cd976.dir/build.make CMakeFiles/cmTC_cd976.dir/build
make[1]: Entering directory '/home/joe/workspace/P1BuildMyWorld/build/CMakeFiles/CMakeTmp'
Building C object CMakeFiles/cmTC_cd976.dir/CheckFunctionExists.c.o
/usr/bin/cc   -DCHECK_FUNCTION_EXISTS=pthread_create   -o CMakeFiles/cmTC_cd976.dir/CheckFunctionExists.c.o   -c /usr/share/cmake-3.10/Modules/CheckFunctionExists.c
Linking C executable cmTC_cd976
/usr/bin/cmake -E cmake_link_script CMakeFiles/cmTC_cd976.dir/link.txt --verbose=1
/usr/bin/cc  -DCHECK_FUNCTION_EXISTS=pthread_create    -rdynamic CMakeFiles/cmTC_cd976.dir/CheckFunctionExists.c.o  -o cmTC_cd976 -lpthreads 
/usr/bin/ld: cannot find -lpthreads
collect2: error: ld returned 1 exit status
CMakeFiles/cmTC_cd976.dir/build.make:97: recipe for target 'cmTC_cd976' failed
make[1]: *** [cmTC_cd976] Error 1
make[1]: Leaving directory '/home/joe/workspace/P1BuildMyWorld/build/CMakeFiles/CMakeTmp'
Makefile:126: recipe for target 'cmTC_cd976/fast' failed
make: *** [cmTC_cd976/fast] Error 2


